Flow report for vga_snakegame
Mon Mar 17 12:10:21 2014
Quartus II Version 9.0 Build 132 02/25/2009 SJ Web Edition


---------------------
; Table of Contents ;
---------------------
  1. Legal Notice
  2. Flow Summary
  3. Flow Settings
  4. Flow Non-Default Global Settings
  5. Flow Elapsed Time
  6. Flow OS Summary
  7. Flow Log



----------------
; Legal Notice ;
----------------
Copyright (C) 1991-2009 Altera Corporation
Your use of Altera Corporation's design tools, logic functions 
and other software and tools, and its AMPP partner logic 
functions, and any output files from any of the foregoing 
(including device programming or simulation files), and any 
associated documentation or information are expressly subject 
to the terms and conditions of the Altera Program License 
Subscription Agreement, Altera MegaCore Function License 
Agreement, or other applicable license agreement, including, 
without limitation, that your use is for the sole purpose of 
programming logic devices manufactured by Altera and sold by 
Altera or its authorized distributors.  Please refer to the 
applicable agreement for further details.



+------------------------------------------------------------------------------+
; Flow Summary                                                                 ;
+------------------------------------+-----------------------------------------+
; Flow Status                        ; Successful - Mon Mar 17 12:10:18 2014   ;
; Quartus II Version                 ; 9.0 Build 132 02/25/2009 SJ Web Edition ;
; Revision Name                      ; vga_snakegame                           ;
; Top-level Entity Name              ; vga_snakegame                           ;
; Family                             ; Cyclone II                              ;
; Device                             ; EP2C20F484C7                            ;
; Timing Models                      ; Final                                   ;
; Met timing requirements            ; Yes                                     ;
; Total logic elements               ; 8,163 / 18,752 ( 44 % )                 ;
;     Total combinational functions  ; 8,139 / 18,752 ( 43 % )                 ;
;     Dedicated logic registers      ; 894 / 18,752 ( 5 % )                    ;
; Total registers                    ; 894                                     ;
; Total pins                         ; 65 / 315 ( 21 % )                       ;
; Total virtual pins                 ; 0                                       ;
; Total memory bits                  ; 0 / 239,616 ( 0 % )                     ;
; Embedded Multiplier 9-bit elements ; 3 / 52 ( 6 % )                          ;
; Total PLLs                         ; 0 / 4 ( 0 % )                           ;
+------------------------------------+-----------------------------------------+


+-----------------------------------------+
; Flow Settings                           ;
+-------------------+---------------------+
; Option            ; Setting             ;
+-------------------+---------------------+
; Start date & time ; 03/17/2014 12:07:03 ;
; Main task         ; Compilation         ;
; Revision Name     ; vga_snakegame       ;
+-------------------+---------------------+


+-------------------------------------------------------------------------------------------------------------------------------+
; Flow Non-Default Global Settings                                                                                              ;
+-----------------------------------------------+--------------------------------+---------------+-------------+----------------+
; Assignment Name                               ; Value                          ; Default Value ; Entity Name ; Section Id     ;
+-----------------------------------------------+--------------------------------+---------------+-------------+----------------+
; ALLOW_ANY_RAM_SIZE_FOR_RECOGNITION            ; On                             ; Off           ; --          ; --             ;
; ALLOW_ANY_ROM_SIZE_FOR_RECOGNITION            ; On                             ; Off           ; --          ; --             ;
; ALLOW_ANY_SHIFT_REGISTER_SIZE_FOR_RECOGNITION ; On                             ; Off           ; --          ; --             ;
; AUTO_SHIFT_REGISTER_RECOGNITION               ; Always                         ; Auto          ; --          ; --             ;
; COMPILER_SIGNATURE_ID                         ; 18227461565691.139502922205556 ; --            ; --          ; --             ;
; MAX_CORE_JUNCTION_TEMP                        ; 85                             ; --            ; --          ; --             ;
; MIN_CORE_JUNCTION_TEMP                        ; 0                              ; --            ; --          ; --             ;
; PARTITION_COLOR                               ; 16764057                       ; --            ; --          ; Top            ;
; PARTITION_NETLIST_TYPE                        ; SOURCE                         ; --            ; --          ; Top            ;
; USE_GENERATED_PHYSICAL_CONSTRAINTS            ; Off                            ; --            ; --          ; eda_blast_fpga ;
+-----------------------------------------------+--------------------------------+---------------+-------------+----------------+


+-----------------------------------------------------------------------------------------------------------------------------+
; Flow Elapsed Time                                                                                                           ;
+-------------------------+--------------+-------------------------+---------------------+------------------------------------+
; Module Name             ; Elapsed Time ; Average Processors Used ; Peak Virtual Memory ; Total CPU Time (on all processors) ;
+-------------------------+--------------+-------------------------+---------------------+------------------------------------+
; Analysis & Synthesis    ; 00:02:07     ; 1.0                     ; 250 MB              ; 00:02:05                           ;
; Fitter                  ; 00:00:42     ; 1.0                     ; 272 MB              ; 00:00:41                           ;
; Assembler               ; 00:00:05     ; 1.0                     ; 239 MB              ; 00:00:04                           ;
; Classic Timing Analyzer ; 00:00:06     ; 1.0                     ; 238 MB              ; 00:00:06                           ;
; Total                   ; 00:03:00     ; --                      ; --                  ; 00:02:56                           ;
+-------------------------+--------------+-------------------------+---------------------+------------------------------------+


+------------------------------------------------------------------------------------------+
; Flow OS Summary                                                                          ;
+-------------------------+------------------+---------------+------------+----------------+
; Module Name             ; Machine Hostname ; OS Name       ; OS Version ; Processor type ;
+-------------------------+------------------+---------------+------------+----------------+
; Analysis & Synthesis    ; Chris-MacBookPC  ; Windows Vista ; 6.2        ; x86_64         ;
; Fitter                  ; Chris-MacBookPC  ; Windows Vista ; 6.2        ; x86_64         ;
; Assembler               ; Chris-MacBookPC  ; Windows Vista ; 6.2        ; x86_64         ;
; Classic Timing Analyzer ; Chris-MacBookPC  ; Windows Vista ; 6.2        ; x86_64         ;
+-------------------------+------------------+---------------+------------+----------------+


------------
; Flow Log ;
------------
quartus_map --read_settings_files=on --write_settings_files=off vga_snakegame -c vga_snakegame
quartus_fit --read_settings_files=off --write_settings_files=off vga_snakegame -c vga_snakegame
quartus_asm --read_settings_files=off --write_settings_files=off vga_snakegame -c vga_snakegame
quartus_tan --read_settings_files=off --write_settings_files=off vga_snakegame -c vga_snakegame --timing_analysis_only



