Classic Timing Analyzer report for hvsyncgenerator
Sat Mar 01 19:00:13 2014
Quartus II Version 9.0 Build 132 02/25/2009 SJ Web Edition


---------------------
; Table of Contents ;
---------------------
  1. Legal Notice
  2. Timing Analyzer Summary
  3. Timing Analyzer Settings
  4. Clock Settings Summary
  5. Parallel Compilation
  6. Clock Setup: 'clk'
  7. tsu
  8. tco
  9. th
 10. Timing Analyzer Messages



----------------
; Legal Notice ;
----------------
Copyright (C) 1991-2009 Altera Corporation
Your use of Altera Corporation's design tools, logic functions 
and other software and tools, and its AMPP partner logic 
functions, and any output files from any of the foregoing 
(including device programming or simulation files), and any 
associated documentation or information are expressly subject 
to the terms and conditions of the Altera Program License 
Subscription Agreement, Altera MegaCore Function License 
Agreement, or other applicable license agreement, including, 
without limitation, that your use is for the sole purpose of 
programming logic devices manufactured by Altera and sold by 
Altera or its authorized distributors.  Please refer to the 
applicable agreement for further details.



+--------------------------------------------------------------------------------------------------------------------------------------------------------------+
; Timing Analyzer Summary                                                                                                                                      ;
+------------------------------+-------+---------------+----------------------------------+--------------+--------------+------------+----------+--------------+
; Type                         ; Slack ; Required Time ; Actual Time                      ; From         ; To           ; From Clock ; To Clock ; Failed Paths ;
+------------------------------+-------+---------------+----------------------------------+--------------+--------------+------------+----------+--------------+
; Worst-case tsu               ; N/A   ; None          ; 6.150 ns                         ; rst          ; cnt[7]       ; --         ; clk      ; 0            ;
; Worst-case tco               ; N/A   ; None          ; 14.230 ns                        ; posY[0]~reg0 ; posY[0]      ; clk        ; --       ; 0            ;
; Worst-case th                ; N/A   ; None          ; -0.036 ns                        ; rst          ; posY[0]~reg0 ; --         ; clk      ; 0            ;
; Clock Setup: 'clk'           ; N/A   ; None          ; 183.59 MHz ( period = 5.447 ns ) ; posY[1]~reg0 ; vstate.01    ; clk        ; clk      ; 0            ;
; Total number of failed paths ;       ;               ;                                  ;              ;              ;            ;          ; 0            ;
+------------------------------+-------+---------------+----------------------------------+--------------+--------------+------------+----------+--------------+


+--------------------------------------------------------------------------------------------------------------------+
; Timing Analyzer Settings                                                                                           ;
+---------------------------------------------------------------------+--------------------+------+----+-------------+
; Option                                                              ; Setting            ; From ; To ; Entity Name ;
+---------------------------------------------------------------------+--------------------+------+----+-------------+
; Device Name                                                         ; EP2C20F484C7       ;      ;    ;             ;
; Timing Models                                                       ; Final              ;      ;    ;             ;
; Default hold multicycle                                             ; Same as Multicycle ;      ;    ;             ;
; Cut paths between unrelated clock domains                           ; On                 ;      ;    ;             ;
; Cut off read during write signal paths                              ; On                 ;      ;    ;             ;
; Cut off feedback from I/O pins                                      ; On                 ;      ;    ;             ;
; Report Combined Fast/Slow Timing                                    ; Off                ;      ;    ;             ;
; Ignore Clock Settings                                               ; Off                ;      ;    ;             ;
; Analyze latches as synchronous elements                             ; On                 ;      ;    ;             ;
; Enable Recovery/Removal analysis                                    ; Off                ;      ;    ;             ;
; Enable Clock Latency                                                ; Off                ;      ;    ;             ;
; Use TimeQuest Timing Analyzer                                       ; Off                ;      ;    ;             ;
; Minimum Core Junction Temperature                                   ; 0                  ;      ;    ;             ;
; Maximum Core Junction Temperature                                   ; 85                 ;      ;    ;             ;
; Number of source nodes to report per destination node               ; 10                 ;      ;    ;             ;
; Number of destination nodes to report                               ; 10                 ;      ;    ;             ;
; Number of paths to report                                           ; 200                ;      ;    ;             ;
; Report Minimum Timing Checks                                        ; Off                ;      ;    ;             ;
; Use Fast Timing Models                                              ; Off                ;      ;    ;             ;
; Report IO Paths Separately                                          ; Off                ;      ;    ;             ;
; Perform Multicorner Analysis                                        ; On                 ;      ;    ;             ;
; Reports the worst-case path for each clock domain and analysis      ; Off                ;      ;    ;             ;
; Removes common clock path pessimism (CCPP) during slack computation ; Off                ;      ;    ;             ;
; Output I/O Timing Endpoint                                          ; Near End           ;      ;    ;             ;
+---------------------------------------------------------------------+--------------------+------+----+-------------+


+------------------------------------------------------------------------------------------------------------------------------------------------------------------------------------+
; Clock Settings Summary                                                                                                                                                             ;
+-----------------+--------------------+----------+------------------+---------------+--------------+----------+-----------------------+---------------------+--------+--------------+
; Clock Node Name ; Clock Setting Name ; Type     ; Fmax Requirement ; Early Latency ; Late Latency ; Based on ; Multiply Base Fmax by ; Divide Base Fmax by ; Offset ; Phase offset ;
+-----------------+--------------------+----------+------------------+---------------+--------------+----------+-----------------------+---------------------+--------+--------------+
; clk             ;                    ; User Pin ; None             ; 0.000 ns      ; 0.000 ns     ; --       ; N/A                   ; N/A                 ; N/A    ;              ;
+-----------------+--------------------+----------+------------------+---------------+--------------+----------+-----------------------+---------------------+--------+--------------+


Parallel compilation was disabled, but you have multiple processors available. Enable parallel compilation to reduce compilation time.
+-------------------------------------+
; Parallel Compilation                ;
+----------------------------+--------+
; Processors                 ; Number ;
+----------------------------+--------+
; Number detected on machine ; 2      ;
; Maximum allowed            ; 1      ;
+----------------------------+--------+


+-----------------------------------------------------------------------------------------------------------------------------------------------------------------------------------------------------------------------------------------+
; Clock Setup: 'clk'                                                                                                                                                                                                                      ;
+-----------------------------------------+-----------------------------------------------------+--------------+--------------+------------+----------+-----------------------------+---------------------------+-------------------------+
; Slack                                   ; Actual fmax (period)                                ; From         ; To           ; From Clock ; To Clock ; Required Setup Relationship ; Required Longest P2P Time ; Actual Longest P2P Time ;
+-----------------------------------------+-----------------------------------------------------+--------------+--------------+------------+----------+-----------------------------+---------------------------+-------------------------+
; N/A                                     ; 183.59 MHz ( period = 5.447 ns )                    ; posY[1]~reg0 ; vstate.01    ; clk        ; clk      ; None                        ; None                      ; 5.202 ns                ;
; N/A                                     ; 186.01 MHz ( period = 5.376 ns )                    ; posY[2]~reg0 ; vstate.01    ; clk        ; clk      ; None                        ; None                      ; 5.131 ns                ;
; N/A                                     ; 189.93 MHz ( period = 5.265 ns )                    ; posY[6]~reg0 ; vstate.01    ; clk        ; clk      ; None                        ; None                      ; 5.020 ns                ;
; N/A                                     ; 190.84 MHz ( period = 5.240 ns )                    ; posY[3]~reg0 ; vstate.01    ; clk        ; clk      ; None                        ; None                      ; 4.996 ns                ;
; N/A                                     ; 192.90 MHz ( period = 5.184 ns )                    ; posY[4]~reg0 ; vstate.01    ; clk        ; clk      ; None                        ; None                      ; 4.939 ns                ;
; N/A                                     ; 193.61 MHz ( period = 5.165 ns )                    ; posY[8]~reg0 ; vstate.01    ; clk        ; clk      ; None                        ; None                      ; 4.920 ns                ;
; N/A                                     ; 195.39 MHz ( period = 5.118 ns )                    ; posY[1]~reg0 ; vstate.11    ; clk        ; clk      ; None                        ; None                      ; 4.873 ns                ;
; N/A                                     ; 197.71 MHz ( period = 5.058 ns )                    ; posY[5]~reg0 ; vstate.01    ; clk        ; clk      ; None                        ; None                      ; 4.813 ns                ;
; N/A                                     ; 198.14 MHz ( period = 5.047 ns )                    ; posY[2]~reg0 ; vstate.11    ; clk        ; clk      ; None                        ; None                      ; 4.802 ns                ;
; N/A                                     ; 202.22 MHz ( period = 4.945 ns )                    ; posY[0]~reg0 ; vstate.01    ; clk        ; clk      ; None                        ; None                      ; 4.700 ns                ;
; N/A                                     ; 202.43 MHz ( period = 4.940 ns )                    ; posY[7]~reg0 ; vstate.01    ; clk        ; clk      ; None                        ; None                      ; 4.695 ns                ;
; N/A                                     ; 202.59 MHz ( period = 4.936 ns )                    ; posY[6]~reg0 ; vstate.11    ; clk        ; clk      ; None                        ; None                      ; 4.691 ns                ;
; N/A                                     ; 203.62 MHz ( period = 4.911 ns )                    ; posY[3]~reg0 ; vstate.11    ; clk        ; clk      ; None                        ; None                      ; 4.667 ns                ;
; N/A                                     ; 204.88 MHz ( period = 4.881 ns )                    ; posY[1]~reg0 ; vrgboff      ; clk        ; clk      ; None                        ; None                      ; 4.636 ns                ;
; N/A                                     ; 205.97 MHz ( period = 4.855 ns )                    ; posY[4]~reg0 ; vstate.11    ; clk        ; clk      ; None                        ; None                      ; 4.610 ns                ;
; N/A                                     ; 206.78 MHz ( period = 4.836 ns )                    ; posY[8]~reg0 ; vstate.11    ; clk        ; clk      ; None                        ; None                      ; 4.591 ns                ;
; N/A                                     ; 209.56 MHz ( period = 4.772 ns )                    ; cnt[1]       ; cnt[3]       ; clk        ; clk      ; None                        ; None                      ; 4.532 ns                ;
; N/A                                     ; 210.22 MHz ( period = 4.757 ns )                    ; posY[2]~reg0 ; vrgboff      ; clk        ; clk      ; None                        ; None                      ; 4.512 ns                ;
; N/A                                     ; 211.46 MHz ( period = 4.729 ns )                    ; vstate.10    ; vstate.01    ; clk        ; clk      ; None                        ; None                      ; 4.490 ns                ;
; N/A                                     ; 211.46 MHz ( period = 4.729 ns )                    ; posY[5]~reg0 ; vstate.11    ; clk        ; clk      ; None                        ; None                      ; 4.484 ns                ;
; N/A                                     ; 212.49 MHz ( period = 4.706 ns )                    ; cnt[8]       ; cnt[3]       ; clk        ; clk      ; None                        ; None                      ; 4.466 ns                ;
; N/A                                     ; 212.81 MHz ( period = 4.699 ns )                    ; posY[6]~reg0 ; vrgboff      ; clk        ; clk      ; None                        ; None                      ; 4.454 ns                ;
; N/A                                     ; 213.95 MHz ( period = 4.674 ns )                    ; posY[3]~reg0 ; vrgboff      ; clk        ; clk      ; None                        ; None                      ; 4.430 ns                ;
; N/A                                     ; 214.50 MHz ( period = 4.662 ns )                    ; cnt[0]       ; state.11     ; clk        ; clk      ; None                        ; None                      ; 4.415 ns                ;
; N/A                                     ; 214.64 MHz ( period = 4.659 ns )                    ; cnt[0]       ; state.01     ; clk        ; clk      ; None                        ; None                      ; 4.412 ns                ;
; N/A                                     ; 214.64 MHz ( period = 4.659 ns )                    ; cnt[0]       ; state.10     ; clk        ; clk      ; None                        ; None                      ; 4.412 ns                ;
; N/A                                     ; 215.89 MHz ( period = 4.632 ns )                    ; posY[2]~reg0 ; posY[3]~reg0 ; clk        ; clk      ; None                        ; None                      ; 4.392 ns                ;
; N/A                                     ; 216.54 MHz ( period = 4.618 ns )                    ; posY[4]~reg0 ; vrgboff      ; clk        ; clk      ; None                        ; None                      ; 4.373 ns                ;
; N/A                                     ; 216.64 MHz ( period = 4.616 ns )                    ; posY[0]~reg0 ; vstate.11    ; clk        ; clk      ; None                        ; None                      ; 4.371 ns                ;
; N/A                                     ; 216.87 MHz ( period = 4.611 ns )                    ; posY[7]~reg0 ; vstate.11    ; clk        ; clk      ; None                        ; None                      ; 4.366 ns                ;
; N/A                                     ; 217.44 MHz ( period = 4.599 ns )                    ; posY[8]~reg0 ; vrgboff      ; clk        ; clk      ; None                        ; None                      ; 4.354 ns                ;
; N/A                                     ; 217.68 MHz ( period = 4.594 ns )                    ; cnt[9]       ; cnt[3]       ; clk        ; clk      ; None                        ; None                      ; 4.354 ns                ;
; N/A                                     ; 217.82 MHz ( period = 4.591 ns )                    ; cnt[8]       ; state.11     ; clk        ; clk      ; None                        ; None                      ; 4.343 ns                ;
; N/A                                     ; 217.96 MHz ( period = 4.588 ns )                    ; cnt[8]       ; state.01     ; clk        ; clk      ; None                        ; None                      ; 4.340 ns                ;
; N/A                                     ; 217.96 MHz ( period = 4.588 ns )                    ; cnt[8]       ; state.10     ; clk        ; clk      ; None                        ; None                      ; 4.340 ns                ;
; N/A                                     ; 219.11 MHz ( period = 4.564 ns )                    ; posY[5]~reg0 ; vrgboff      ; clk        ; clk      ; None                        ; None                      ; 4.319 ns                ;
; N/A                                     ; 219.35 MHz ( period = 4.559 ns )                    ; cnt[0]       ; cnt[3]       ; clk        ; clk      ; None                        ; None                      ; 4.320 ns                ;
; N/A                                     ; 220.51 MHz ( period = 4.535 ns )                    ; cnt[1]       ; state.11     ; clk        ; clk      ; None                        ; None                      ; 4.287 ns                ;
; N/A                                     ; 220.56 MHz ( period = 4.534 ns )                    ; posY[1]~reg0 ; vstate.10    ; clk        ; clk      ; None                        ; None                      ; 4.289 ns                ;
; N/A                                     ; 220.65 MHz ( period = 4.532 ns )                    ; cnt[1]       ; state.01     ; clk        ; clk      ; None                        ; None                      ; 4.284 ns                ;
; N/A                                     ; 220.65 MHz ( period = 4.532 ns )                    ; cnt[1]       ; state.10     ; clk        ; clk      ; None                        ; None                      ; 4.284 ns                ;
; N/A                                     ; 221.39 MHz ( period = 4.517 ns )                    ; posY[6]~reg0 ; posY[3]~reg0 ; clk        ; clk      ; None                        ; None                      ; 4.277 ns                ;
; N/A                                     ; 221.68 MHz ( period = 4.511 ns )                    ; posY[2]~reg0 ; posY[5]~reg0 ; clk        ; clk      ; None                        ; None                      ; 4.272 ns                ;
; N/A                                     ; 221.73 MHz ( period = 4.510 ns )                    ; posY[2]~reg0 ; posY[4]~reg0 ; clk        ; clk      ; None                        ; None                      ; 4.271 ns                ;
; N/A                                     ; 221.78 MHz ( period = 4.509 ns )                    ; posY[2]~reg0 ; posY[6]~reg0 ; clk        ; clk      ; None                        ; None                      ; 4.270 ns                ;
; N/A                                     ; 221.88 MHz ( period = 4.507 ns )                    ; posY[2]~reg0 ; posY[8]~reg0 ; clk        ; clk      ; None                        ; None                      ; 4.268 ns                ;
; N/A                                     ; 221.93 MHz ( period = 4.506 ns )                    ; posY[2]~reg0 ; posY[7]~reg0 ; clk        ; clk      ; None                        ; None                      ; 4.267 ns                ;
; N/A                                     ; 221.93 MHz ( period = 4.506 ns )                    ; posY[2]~reg0 ; posY[1]~reg0 ; clk        ; clk      ; None                        ; None                      ; 4.267 ns                ;
; N/A                                     ; 221.98 MHz ( period = 4.505 ns )                    ; posY[2]~reg0 ; posY[2]~reg0 ; clk        ; clk      ; None                        ; None                      ; 4.266 ns                ;
; N/A                                     ; 222.37 MHz ( period = 4.497 ns )                    ; cnt[7]       ; state.11     ; clk        ; clk      ; None                        ; None                      ; 4.250 ns                ;
; N/A                                     ; 222.37 MHz ( period = 4.497 ns )                    ; cnt[8]       ; state.00     ; clk        ; clk      ; None                        ; None                      ; 4.249 ns                ;
; N/A                                     ; 222.52 MHz ( period = 4.494 ns )                    ; cnt[7]       ; state.01     ; clk        ; clk      ; None                        ; None                      ; 4.247 ns                ;
; N/A                                     ; 222.52 MHz ( period = 4.494 ns )                    ; cnt[7]       ; state.10     ; clk        ; clk      ; None                        ; None                      ; 4.247 ns                ;
; N/A                                     ; 222.87 MHz ( period = 4.487 ns )                    ; cnt[0]       ; state.00     ; clk        ; clk      ; None                        ; None                      ; 4.240 ns                ;
; N/A                                     ; 223.02 MHz ( period = 4.484 ns )                    ; cnt[8]       ; hrgboff      ; clk        ; clk      ; None                        ; None                      ; 4.236 ns                ;
; N/A                                     ; 223.21 MHz ( period = 4.480 ns )                    ; cnt[1]       ; cnt[9]       ; clk        ; clk      ; None                        ; None                      ; 4.241 ns                ;
; N/A                                     ; 223.21 MHz ( period = 4.480 ns )                    ; cnt[1]       ; cnt[2]       ; clk        ; clk      ; None                        ; None                      ; 4.241 ns                ;
; N/A                                     ; 223.26 MHz ( period = 4.479 ns )                    ; cnt[9]       ; state.11     ; clk        ; clk      ; None                        ; None                      ; 4.231 ns                ;
; N/A                                     ; 223.26 MHz ( period = 4.479 ns )                    ; cnt[1]       ; cnt[4]       ; clk        ; clk      ; None                        ; None                      ; 4.240 ns                ;
; N/A                                     ; 223.41 MHz ( period = 4.476 ns )                    ; cnt[9]       ; state.01     ; clk        ; clk      ; None                        ; None                      ; 4.228 ns                ;
; N/A                                     ; 223.41 MHz ( period = 4.476 ns )                    ; cnt[1]       ; cnt[8]       ; clk        ; clk      ; None                        ; None                      ; 4.237 ns                ;
; N/A                                     ; 223.41 MHz ( period = 4.476 ns )                    ; cnt[2]       ; cnt[3]       ; clk        ; clk      ; None                        ; None                      ; 4.236 ns                ;
; N/A                                     ; 223.41 MHz ( period = 4.476 ns )                    ; cnt[9]       ; state.10     ; clk        ; clk      ; None                        ; None                      ; 4.228 ns                ;
; N/A                                     ; 223.71 MHz ( period = 4.470 ns )                    ; cnt[1]       ; cnt[1]       ; clk        ; clk      ; None                        ; None                      ; 4.231 ns                ;
; N/A                                     ; 223.91 MHz ( period = 4.466 ns )                    ; posY[2]~reg0 ; posY[0]~reg0 ; clk        ; clk      ; None                        ; None                      ; 4.227 ns                ;
; N/A                                     ; 224.67 MHz ( period = 4.451 ns )                    ; cnt[4]       ; cnt[3]       ; clk        ; clk      ; None                        ; None                      ; 4.211 ns                ;
; N/A                                     ; 225.43 MHz ( period = 4.436 ns )                    ; posY[0]~reg0 ; vrgboff      ; clk        ; clk      ; None                        ; None                      ; 4.191 ns                ;
; N/A                                     ; 225.48 MHz ( period = 4.435 ns )                    ; vstate.00    ; vstate.01    ; clk        ; clk      ; None                        ; None                      ; 4.196 ns                ;
; N/A                                     ; 226.40 MHz ( period = 4.417 ns )                    ; posY[8]~reg0 ; posY[3]~reg0 ; clk        ; clk      ; None                        ; None                      ; 4.177 ns                ;
; N/A                                     ; 226.55 MHz ( period = 4.414 ns )                    ; cnt[8]       ; cnt[9]       ; clk        ; clk      ; None                        ; None                      ; 4.175 ns                ;
; N/A                                     ; 226.55 MHz ( period = 4.414 ns )                    ; cnt[8]       ; cnt[2]       ; clk        ; clk      ; None                        ; None                      ; 4.175 ns                ;
; N/A                                     ; 226.60 MHz ( period = 4.413 ns )                    ; cnt[8]       ; cnt[4]       ; clk        ; clk      ; None                        ; None                      ; 4.174 ns                ;
; N/A                                     ; 226.76 MHz ( period = 4.410 ns )                    ; cnt[8]       ; cnt[8]       ; clk        ; clk      ; None                        ; None                      ; 4.171 ns                ;
; N/A                                     ; 226.76 MHz ( period = 4.410 ns )                    ; posY[2]~reg0 ; vstate.10    ; clk        ; clk      ; None                        ; None                      ; 4.165 ns                ;
; N/A                                     ; 226.81 MHz ( period = 4.409 ns )                    ; cnt[0]       ; hrgboff      ; clk        ; clk      ; None                        ; None                      ; 4.162 ns                ;
; N/A                                     ; 227.01 MHz ( period = 4.405 ns )                    ; cnt[1]       ; cnt[10]      ; clk        ; clk      ; None                        ; None                      ; 4.165 ns                ;
; N/A                                     ; 227.01 MHz ( period = 4.405 ns )                    ; cnt[1]       ; cnt[7]       ; clk        ; clk      ; None                        ; None                      ; 4.165 ns                ;
; N/A                                     ; 227.07 MHz ( period = 4.404 ns )                    ; cnt[1]       ; state.00     ; clk        ; clk      ; None                        ; None                      ; 4.156 ns                ;
; N/A                                     ; 227.07 MHz ( period = 4.404 ns )                    ; cnt[8]       ; cnt[1]       ; clk        ; clk      ; None                        ; None                      ; 4.165 ns                ;
; N/A                                     ; 227.12 MHz ( period = 4.403 ns )                    ; cnt[3]       ; cnt[3]       ; clk        ; clk      ; None                        ; None                      ; 4.164 ns                ;
; N/A                                     ; 227.12 MHz ( period = 4.403 ns )                    ; cnt[1]       ; cnt[5]       ; clk        ; clk      ; None                        ; None                      ; 4.163 ns                ;
; N/A                                     ; 227.22 MHz ( period = 4.401 ns )                    ; cnt[1]       ; cnt[6]       ; clk        ; clk      ; None                        ; None                      ; 4.161 ns                ;
; N/A                                     ; 227.27 MHz ( period = 4.400 ns )                    ; vstate.10    ; vstate.11    ; clk        ; clk      ; None                        ; None                      ; 4.161 ns                ;
; N/A                                     ; 227.48 MHz ( period = 4.396 ns )                    ; vstate.01    ; vstate.01    ; clk        ; clk      ; None                        ; None                      ; 4.157 ns                ;
; N/A                                     ; 227.48 MHz ( period = 4.396 ns )                    ; posY[6]~reg0 ; posY[5]~reg0 ; clk        ; clk      ; None                        ; None                      ; 4.157 ns                ;
; N/A                                     ; 227.53 MHz ( period = 4.395 ns )                    ; posY[6]~reg0 ; posY[4]~reg0 ; clk        ; clk      ; None                        ; None                      ; 4.156 ns                ;
; N/A                                     ; 227.58 MHz ( period = 4.394 ns )                    ; cnt[7]       ; cnt[3]       ; clk        ; clk      ; None                        ; None                      ; 4.155 ns                ;
; N/A                                     ; 227.58 MHz ( period = 4.394 ns )                    ; posY[6]~reg0 ; posY[6]~reg0 ; clk        ; clk      ; None                        ; None                      ; 4.155 ns                ;
; N/A                                     ; 227.69 MHz ( period = 4.392 ns )                    ; posY[6]~reg0 ; posY[8]~reg0 ; clk        ; clk      ; None                        ; None                      ; 4.153 ns                ;
; N/A                                     ; 227.74 MHz ( period = 4.391 ns )                    ; posY[6]~reg0 ; posY[7]~reg0 ; clk        ; clk      ; None                        ; None                      ; 4.152 ns                ;
; N/A                                     ; 227.74 MHz ( period = 4.391 ns )                    ; posY[6]~reg0 ; posY[1]~reg0 ; clk        ; clk      ; None                        ; None                      ; 4.152 ns                ;
; N/A                                     ; 227.74 MHz ( period = 4.391 ns )                    ; cnt[1]       ; hrgboff      ; clk        ; clk      ; None                        ; None                      ; 4.143 ns                ;
; N/A                                     ; 227.79 MHz ( period = 4.390 ns )                    ; posY[6]~reg0 ; posY[2]~reg0 ; clk        ; clk      ; None                        ; None                      ; 4.151 ns                ;
; N/A                                     ; 228.05 MHz ( period = 4.385 ns )                    ; cnt[9]       ; state.00     ; clk        ; clk      ; None                        ; None                      ; 4.137 ns                ;
; N/A                                     ; 228.21 MHz ( period = 4.382 ns )                    ; posY[1]~reg0 ; posY[3]~reg0 ; clk        ; clk      ; None                        ; None                      ; 4.142 ns                ;
; N/A                                     ; 228.73 MHz ( period = 4.372 ns )                    ; cnt[9]       ; hrgboff      ; clk        ; clk      ; None                        ; None                      ; 4.124 ns                ;
; N/A                                     ; 229.78 MHz ( period = 4.352 ns )                    ; posY[6]~reg0 ; vstate.10    ; clk        ; clk      ; None                        ; None                      ; 4.107 ns                ;
; N/A                                     ; 229.83 MHz ( period = 4.351 ns )                    ; posY[6]~reg0 ; posY[0]~reg0 ; clk        ; clk      ; None                        ; None                      ; 4.112 ns                ;
; N/A                                     ; 230.47 MHz ( period = 4.339 ns )                    ; cnt[8]       ; cnt[10]      ; clk        ; clk      ; None                        ; None                      ; 4.099 ns                ;
; N/A                                     ; 230.47 MHz ( period = 4.339 ns )                    ; cnt[8]       ; cnt[7]       ; clk        ; clk      ; None                        ; None                      ; 4.099 ns                ;
; N/A                                     ; 230.47 MHz ( period = 4.339 ns )                    ; cnt[5]       ; state.11     ; clk        ; clk      ; None                        ; None                      ; 4.092 ns                ;
; N/A                                     ; 230.57 MHz ( period = 4.337 ns )                    ; cnt[8]       ; cnt[5]       ; clk        ; clk      ; None                        ; None                      ; 4.097 ns                ;
; N/A                                     ; 230.63 MHz ( period = 4.336 ns )                    ; cnt[5]       ; state.01     ; clk        ; clk      ; None                        ; None                      ; 4.089 ns                ;
; N/A                                     ; 230.63 MHz ( period = 4.336 ns )                    ; cnt[4]       ; state.11     ; clk        ; clk      ; None                        ; None                      ; 4.088 ns                ;
; N/A                                     ; 230.63 MHz ( period = 4.336 ns )                    ; cnt[5]       ; state.10     ; clk        ; clk      ; None                        ; None                      ; 4.089 ns                ;
; N/A                                     ; 230.63 MHz ( period = 4.336 ns )                    ; posY[7]~reg0 ; vrgboff      ; clk        ; clk      ; None                        ; None                      ; 4.091 ns                ;
; N/A                                     ; 230.68 MHz ( period = 4.335 ns )                    ; cnt[8]       ; cnt[6]       ; clk        ; clk      ; None                        ; None                      ; 4.095 ns                ;
; N/A                                     ; 230.68 MHz ( period = 4.335 ns )                    ; posY[4]~reg0 ; posY[3]~reg0 ; clk        ; clk      ; None                        ; None                      ; 4.095 ns                ;
; N/A                                     ; 230.79 MHz ( period = 4.333 ns )                    ; cnt[4]       ; state.01     ; clk        ; clk      ; None                        ; None                      ; 4.085 ns                ;
; N/A                                     ; 230.79 MHz ( period = 4.333 ns )                    ; cnt[4]       ; state.10     ; clk        ; clk      ; None                        ; None                      ; 4.085 ns                ;
; N/A                                     ; 231.11 MHz ( period = 4.327 ns )                    ; posY[3]~reg0 ; vstate.10    ; clk        ; clk      ; None                        ; None                      ; 4.083 ns                ;
; N/A                                     ; 231.37 MHz ( period = 4.322 ns )                    ; cnt[7]       ; state.00     ; clk        ; clk      ; None                        ; None                      ; 4.075 ns                ;
; N/A                                     ; 232.02 MHz ( period = 4.310 ns )                    ; posY[5]~reg0 ; posY[3]~reg0 ; clk        ; clk      ; None                        ; None                      ; 4.070 ns                ;
; N/A                                     ; 232.45 MHz ( period = 4.302 ns )                    ; cnt[9]       ; cnt[9]       ; clk        ; clk      ; None                        ; None                      ; 4.063 ns                ;
; N/A                                     ; 232.45 MHz ( period = 4.302 ns )                    ; cnt[9]       ; cnt[2]       ; clk        ; clk      ; None                        ; None                      ; 4.063 ns                ;
; N/A                                     ; 232.50 MHz ( period = 4.301 ns )                    ; cnt[9]       ; cnt[4]       ; clk        ; clk      ; None                        ; None                      ; 4.062 ns                ;
; N/A                                     ; 232.67 MHz ( period = 4.298 ns )                    ; cnt[9]       ; cnt[8]       ; clk        ; clk      ; None                        ; None                      ; 4.059 ns                ;
; N/A                                     ; 232.67 MHz ( period = 4.298 ns )                    ; cnt[10]      ; cnt[3]       ; clk        ; clk      ; None                        ; None                      ; 4.059 ns                ;
; N/A                                     ; 232.77 MHz ( period = 4.296 ns )                    ; posY[8]~reg0 ; posY[5]~reg0 ; clk        ; clk      ; None                        ; None                      ; 4.057 ns                ;
; N/A                                     ; 232.83 MHz ( period = 4.295 ns )                    ; posY[8]~reg0 ; posY[4]~reg0 ; clk        ; clk      ; None                        ; None                      ; 4.056 ns                ;
; N/A                                     ; 232.88 MHz ( period = 4.294 ns )                    ; posY[8]~reg0 ; posY[6]~reg0 ; clk        ; clk      ; None                        ; None                      ; 4.055 ns                ;
; N/A                                     ; 232.99 MHz ( period = 4.292 ns )                    ; cnt[9]       ; cnt[1]       ; clk        ; clk      ; None                        ; None                      ; 4.053 ns                ;
; N/A                                     ; 232.99 MHz ( period = 4.292 ns )                    ; posY[8]~reg0 ; posY[8]~reg0 ; clk        ; clk      ; None                        ; None                      ; 4.053 ns                ;
; N/A                                     ; 233.05 MHz ( period = 4.291 ns )                    ; posY[8]~reg0 ; posY[7]~reg0 ; clk        ; clk      ; None                        ; None                      ; 4.052 ns                ;
; N/A                                     ; 233.05 MHz ( period = 4.291 ns )                    ; posY[8]~reg0 ; posY[1]~reg0 ; clk        ; clk      ; None                        ; None                      ; 4.052 ns                ;
; N/A                                     ; 233.10 MHz ( period = 4.290 ns )                    ; posY[8]~reg0 ; posY[2]~reg0 ; clk        ; clk      ; None                        ; None                      ; 4.051 ns                ;
; N/A                                     ; 233.21 MHz ( period = 4.288 ns )                    ; cnt[3]       ; state.11     ; clk        ; clk      ; None                        ; None                      ; 4.041 ns                ;
; N/A                                     ; 233.37 MHz ( period = 4.285 ns )                    ; cnt[3]       ; state.01     ; clk        ; clk      ; None                        ; None                      ; 4.038 ns                ;
; N/A                                     ; 233.37 MHz ( period = 4.285 ns )                    ; cnt[3]       ; state.10     ; clk        ; clk      ; None                        ; None                      ; 4.038 ns                ;
; N/A                                     ; 234.14 MHz ( period = 4.271 ns )                    ; posY[4]~reg0 ; vstate.10    ; clk        ; clk      ; None                        ; None                      ; 4.026 ns                ;
; N/A                                     ; 234.36 MHz ( period = 4.267 ns )                    ; cnt[0]       ; cnt[9]       ; clk        ; clk      ; None                        ; None                      ; 4.029 ns                ;
; N/A                                     ; 234.36 MHz ( period = 4.267 ns )                    ; cnt[0]       ; cnt[2]       ; clk        ; clk      ; None                        ; None                      ; 4.029 ns                ;
; N/A                                     ; 234.41 MHz ( period = 4.266 ns )                    ; cnt[0]       ; cnt[4]       ; clk        ; clk      ; None                        ; None                      ; 4.028 ns                ;
; N/A                                     ; 234.58 MHz ( period = 4.263 ns )                    ; cnt[0]       ; cnt[8]       ; clk        ; clk      ; None                        ; None                      ; 4.025 ns                ;
; N/A                                     ; 234.69 MHz ( period = 4.261 ns )                    ; posY[1]~reg0 ; posY[5]~reg0 ; clk        ; clk      ; None                        ; None                      ; 4.022 ns                ;
; N/A                                     ; 234.74 MHz ( period = 4.260 ns )                    ; posY[1]~reg0 ; posY[4]~reg0 ; clk        ; clk      ; None                        ; None                      ; 4.021 ns                ;
; N/A                                     ; 234.80 MHz ( period = 4.259 ns )                    ; posY[1]~reg0 ; posY[6]~reg0 ; clk        ; clk      ; None                        ; None                      ; 4.020 ns                ;
; N/A                                     ; 234.91 MHz ( period = 4.257 ns )                    ; cnt[0]       ; cnt[1]       ; clk        ; clk      ; None                        ; None                      ; 4.019 ns                ;
; N/A                                     ; 234.91 MHz ( period = 4.257 ns )                    ; posY[1]~reg0 ; posY[8]~reg0 ; clk        ; clk      ; None                        ; None                      ; 4.018 ns                ;
; N/A                                     ; 234.96 MHz ( period = 4.256 ns )                    ; posY[1]~reg0 ; posY[7]~reg0 ; clk        ; clk      ; None                        ; None                      ; 4.017 ns                ;
; N/A                                     ; 234.96 MHz ( period = 4.256 ns )                    ; posY[1]~reg0 ; posY[1]~reg0 ; clk        ; clk      ; None                        ; None                      ; 4.017 ns                ;
; N/A                                     ; 235.02 MHz ( period = 4.255 ns )                    ; posY[1]~reg0 ; posY[2]~reg0 ; clk        ; clk      ; None                        ; None                      ; 4.016 ns                ;
; N/A                                     ; 235.18 MHz ( period = 4.252 ns )                    ; posY[8]~reg0 ; vstate.10    ; clk        ; clk      ; None                        ; None                      ; 4.007 ns                ;
; N/A                                     ; 235.24 MHz ( period = 4.251 ns )                    ; posY[8]~reg0 ; posY[0]~reg0 ; clk        ; clk      ; None                        ; None                      ; 4.012 ns                ;
; N/A                                     ; 235.63 MHz ( period = 4.244 ns )                    ; cnt[7]       ; hrgboff      ; clk        ; clk      ; None                        ; None                      ; 3.997 ns                ;
; N/A                                     ; 235.74 MHz ( period = 4.242 ns )                    ; cnt[4]       ; state.00     ; clk        ; clk      ; None                        ; None                      ; 3.994 ns                ;
; N/A                                     ; 235.90 MHz ( period = 4.239 ns )                    ; cnt[2]       ; state.11     ; clk        ; clk      ; None                        ; None                      ; 3.991 ns                ;
; N/A                                     ; 236.07 MHz ( period = 4.236 ns )                    ; cnt[2]       ; state.01     ; clk        ; clk      ; None                        ; None                      ; 3.988 ns                ;
; N/A                                     ; 236.07 MHz ( period = 4.236 ns )                    ; cnt[5]       ; cnt[3]       ; clk        ; clk      ; None                        ; None                      ; 3.997 ns                ;
; N/A                                     ; 236.07 MHz ( period = 4.236 ns )                    ; cnt[2]       ; state.10     ; clk        ; clk      ; None                        ; None                      ; 3.988 ns                ;
; N/A                                     ; 236.46 MHz ( period = 4.229 ns )                    ; cnt[4]       ; hrgboff      ; clk        ; clk      ; None                        ; None                      ; 3.981 ns                ;
; N/A                                     ; 236.57 MHz ( period = 4.227 ns )                    ; cnt[9]       ; cnt[10]      ; clk        ; clk      ; None                        ; None                      ; 3.987 ns                ;
; N/A                                     ; 236.57 MHz ( period = 4.227 ns )                    ; cnt[9]       ; cnt[7]       ; clk        ; clk      ; None                        ; None                      ; 3.987 ns                ;
; N/A                                     ; 236.69 MHz ( period = 4.225 ns )                    ; cnt[9]       ; cnt[5]       ; clk        ; clk      ; None                        ; None                      ; 3.985 ns                ;
; N/A                                     ; 236.80 MHz ( period = 4.223 ns )                    ; cnt[9]       ; cnt[6]       ; clk        ; clk      ; None                        ; None                      ; 3.983 ns                ;
; N/A                                     ; 237.19 MHz ( period = 4.216 ns )                    ; posY[1]~reg0 ; posY[0]~reg0 ; clk        ; clk      ; None                        ; None                      ; 3.977 ns                ;
; N/A                                     ; 237.30 MHz ( period = 4.214 ns )                    ; posY[4]~reg0 ; posY[5]~reg0 ; clk        ; clk      ; None                        ; None                      ; 3.975 ns                ;
; N/A                                     ; 237.36 MHz ( period = 4.213 ns )                    ; posY[4]~reg0 ; posY[4]~reg0 ; clk        ; clk      ; None                        ; None                      ; 3.974 ns                ;
; N/A                                     ; 237.42 MHz ( period = 4.212 ns )                    ; posY[4]~reg0 ; posY[6]~reg0 ; clk        ; clk      ; None                        ; None                      ; 3.973 ns                ;
; N/A                                     ; 237.53 MHz ( period = 4.210 ns )                    ; posY[4]~reg0 ; posY[8]~reg0 ; clk        ; clk      ; None                        ; None                      ; 3.971 ns                ;
; N/A                                     ; 237.59 MHz ( period = 4.209 ns )                    ; posY[4]~reg0 ; posY[7]~reg0 ; clk        ; clk      ; None                        ; None                      ; 3.970 ns                ;
; N/A                                     ; 237.59 MHz ( period = 4.209 ns )                    ; posY[4]~reg0 ; posY[1]~reg0 ; clk        ; clk      ; None                        ; None                      ; 3.970 ns                ;
; N/A                                     ; 237.64 MHz ( period = 4.208 ns )                    ; posY[4]~reg0 ; posY[2]~reg0 ; clk        ; clk      ; None                        ; None                      ; 3.969 ns                ;
; N/A                                     ; 238.04 MHz ( period = 4.201 ns )                    ; posY[0]~reg0 ; posY[3]~reg0 ; clk        ; clk      ; None                        ; None                      ; 3.961 ns                ;
; N/A                                     ; 238.32 MHz ( period = 4.196 ns )                    ; posY[7]~reg0 ; posY[3]~reg0 ; clk        ; clk      ; None                        ; None                      ; 3.956 ns                ;
; N/A                                     ; 238.44 MHz ( period = 4.194 ns )                    ; cnt[3]       ; state.00     ; clk        ; clk      ; None                        ; None                      ; 3.947 ns                ;
; N/A                                     ; 238.55 MHz ( period = 4.192 ns )                    ; cnt[0]       ; cnt[10]      ; clk        ; clk      ; None                        ; None                      ; 3.953 ns                ;
; N/A                                     ; 238.55 MHz ( period = 4.192 ns )                    ; cnt[0]       ; cnt[7]       ; clk        ; clk      ; None                        ; None                      ; 3.953 ns                ;
; N/A                                     ; 238.66 MHz ( period = 4.190 ns )                    ; cnt[0]       ; cnt[5]       ; clk        ; clk      ; None                        ; None                      ; 3.951 ns                ;
; N/A                                     ; 238.72 MHz ( period = 4.189 ns )                    ; posY[5]~reg0 ; posY[5]~reg0 ; clk        ; clk      ; None                        ; None                      ; 3.950 ns                ;
; N/A                                     ; 238.78 MHz ( period = 4.188 ns )                    ; cnt[0]       ; cnt[6]       ; clk        ; clk      ; None                        ; None                      ; 3.949 ns                ;
; N/A                                     ; 238.78 MHz ( period = 4.188 ns )                    ; posY[5]~reg0 ; posY[4]~reg0 ; clk        ; clk      ; None                        ; None                      ; 3.949 ns                ;
; N/A                                     ; 238.83 MHz ( period = 4.187 ns )                    ; posY[5]~reg0 ; posY[6]~reg0 ; clk        ; clk      ; None                        ; None                      ; 3.948 ns                ;
; N/A                                     ; 238.95 MHz ( period = 4.185 ns )                    ; posY[5]~reg0 ; posY[8]~reg0 ; clk        ; clk      ; None                        ; None                      ; 3.946 ns                ;
; N/A                                     ; 239.01 MHz ( period = 4.184 ns )                    ; cnt[2]       ; cnt[9]       ; clk        ; clk      ; None                        ; None                      ; 3.945 ns                ;
; N/A                                     ; 239.01 MHz ( period = 4.184 ns )                    ; cnt[2]       ; cnt[2]       ; clk        ; clk      ; None                        ; None                      ; 3.945 ns                ;
; N/A                                     ; 239.01 MHz ( period = 4.184 ns )                    ; posY[5]~reg0 ; posY[7]~reg0 ; clk        ; clk      ; None                        ; None                      ; 3.945 ns                ;
; N/A                                     ; 239.01 MHz ( period = 4.184 ns )                    ; posY[5]~reg0 ; posY[1]~reg0 ; clk        ; clk      ; None                        ; None                      ; 3.945 ns                ;
; N/A                                     ; 239.06 MHz ( period = 4.183 ns )                    ; cnt[10]      ; state.11     ; clk        ; clk      ; None                        ; None                      ; 3.936 ns                ;
; N/A                                     ; 239.06 MHz ( period = 4.183 ns )                    ; cnt[2]       ; cnt[4]       ; clk        ; clk      ; None                        ; None                      ; 3.944 ns                ;
; N/A                                     ; 239.06 MHz ( period = 4.183 ns )                    ; posY[5]~reg0 ; posY[2]~reg0 ; clk        ; clk      ; None                        ; None                      ; 3.944 ns                ;
; N/A                                     ; 239.18 MHz ( period = 4.181 ns )                    ; cnt[3]       ; hrgboff      ; clk        ; clk      ; None                        ; None                      ; 3.934 ns                ;
; N/A                                     ; 239.23 MHz ( period = 4.180 ns )                    ; cnt[10]      ; state.01     ; clk        ; clk      ; None                        ; None                      ; 3.933 ns                ;
; N/A                                     ; 239.23 MHz ( period = 4.180 ns )                    ; cnt[2]       ; cnt[8]       ; clk        ; clk      ; None                        ; None                      ; 3.941 ns                ;
; N/A                                     ; 239.23 MHz ( period = 4.180 ns )                    ; cnt[10]      ; state.10     ; clk        ; clk      ; None                        ; None                      ; 3.933 ns                ;
; N/A                                     ; 239.58 MHz ( period = 4.174 ns )                    ; cnt[2]       ; cnt[1]       ; clk        ; clk      ; None                        ; None                      ; 3.935 ns                ;
; N/A                                     ; 239.87 MHz ( period = 4.169 ns )                    ; posY[4]~reg0 ; posY[0]~reg0 ; clk        ; clk      ; None                        ; None                      ; 3.930 ns                ;
; N/A                                     ; 240.15 MHz ( period = 4.164 ns )                    ; cnt[5]       ; state.00     ; clk        ; clk      ; None                        ; None                      ; 3.917 ns                ;
; N/A                                     ; 240.21 MHz ( period = 4.163 ns )                    ; vstate.10    ; vrgboff      ; clk        ; clk      ; None                        ; None                      ; 3.924 ns                ;
; N/A                                     ; 240.44 MHz ( period = 4.159 ns )                    ; cnt[4]       ; cnt[9]       ; clk        ; clk      ; None                        ; None                      ; 3.920 ns                ;
; N/A                                     ; 240.44 MHz ( period = 4.159 ns )                    ; cnt[4]       ; cnt[2]       ; clk        ; clk      ; None                        ; None                      ; 3.920 ns                ;
; N/A                                     ; 240.50 MHz ( period = 4.158 ns )                    ; cnt[4]       ; cnt[4]       ; clk        ; clk      ; None                        ; None                      ; 3.919 ns                ;
; N/A                                     ; 240.67 MHz ( period = 4.155 ns )                    ; cnt[4]       ; cnt[8]       ; clk        ; clk      ; None                        ; None                      ; 3.916 ns                ;
; N/A                                     ; 241.02 MHz ( period = 4.149 ns )                    ; cnt[4]       ; cnt[1]       ; clk        ; clk      ; None                        ; None                      ; 3.910 ns                ;
; N/A                                     ; 241.25 MHz ( period = 4.145 ns )                    ; posY[5]~reg0 ; vstate.10    ; clk        ; clk      ; None                        ; None                      ; 3.900 ns                ;
; N/A                                     ; 241.31 MHz ( period = 4.144 ns )                    ; posY[5]~reg0 ; posY[0]~reg0 ; clk        ; clk      ; None                        ; None                      ; 3.905 ns                ;
; N/A                                     ; 243.25 MHz ( period = 4.111 ns )                    ; cnt[3]       ; cnt[9]       ; clk        ; clk      ; None                        ; None                      ; 3.873 ns                ;
; N/A                                     ; 243.25 MHz ( period = 4.111 ns )                    ; cnt[3]       ; cnt[2]       ; clk        ; clk      ; None                        ; None                      ; 3.873 ns                ;
; N/A                                     ; 243.31 MHz ( period = 4.110 ns )                    ; cnt[3]       ; cnt[4]       ; clk        ; clk      ; None                        ; None                      ; 3.872 ns                ;
; N/A                                     ; 243.37 MHz ( period = 4.109 ns )                    ; cnt[2]       ; cnt[10]      ; clk        ; clk      ; None                        ; None                      ; 3.869 ns                ;
; Timing analysis restricted to 200 rows. ; To change the limit use Settings (Assignments menu) ;              ;              ;            ;          ;                             ;                           ;                         ;
+-----------------------------------------+-----------------------------------------------------+--------------+--------------+------------+----------+-----------------------------+---------------------------+-------------------------+


+--------------------------------------------------------------------+
; tsu                                                                ;
+-------+--------------+------------+------+--------------+----------+
; Slack ; Required tsu ; Actual tsu ; From ; To           ; To Clock ;
+-------+--------------+------------+------+--------------+----------+
; N/A   ; None         ; 6.150 ns   ; rst  ; cnt[10]      ; clk      ;
; N/A   ; None         ; 6.150 ns   ; rst  ; cnt[7]       ; clk      ;
; N/A   ; None         ; 6.149 ns   ; rst  ; cnt[5]       ; clk      ;
; N/A   ; None         ; 6.143 ns   ; rst  ; cnt[6]       ; clk      ;
; N/A   ; None         ; 6.019 ns   ; rst  ; cnt[2]       ; clk      ;
; N/A   ; None         ; 6.018 ns   ; rst  ; cnt[4]       ; clk      ;
; N/A   ; None         ; 6.016 ns   ; rst  ; cnt[8]       ; clk      ;
; N/A   ; None         ; 6.016 ns   ; rst  ; cnt[9]       ; clk      ;
; N/A   ; None         ; 6.015 ns   ; rst  ; cnt[1]       ; clk      ;
; N/A   ; None         ; 5.800 ns   ; rst  ; state.11     ; clk      ;
; N/A   ; None         ; 5.797 ns   ; rst  ; state.01     ; clk      ;
; N/A   ; None         ; 5.797 ns   ; rst  ; state.10     ; clk      ;
; N/A   ; None         ; 5.757 ns   ; rst  ; cnt[3]       ; clk      ;
; N/A   ; None         ; 5.595 ns   ; rst  ; cnt[0]       ; clk      ;
; N/A   ; None         ; 5.100 ns   ; rst  ; state.00     ; clk      ;
; N/A   ; None         ; 5.065 ns   ; rst  ; hrgboff      ; clk      ;
; N/A   ; None         ; 4.688 ns   ; rst  ; hsync~reg0   ; clk      ;
; N/A   ; None         ; 1.908 ns   ; rst  ; vsync~reg0   ; clk      ;
; N/A   ; None         ; 1.888 ns   ; rst  ; posY[5]~reg0 ; clk      ;
; N/A   ; None         ; 1.887 ns   ; rst  ; posY[0]~reg0 ; clk      ;
; N/A   ; None         ; 1.887 ns   ; rst  ; posY[4]~reg0 ; clk      ;
; N/A   ; None         ; 1.886 ns   ; rst  ; posY[6]~reg0 ; clk      ;
; N/A   ; None         ; 1.884 ns   ; rst  ; posY[8]~reg0 ; clk      ;
; N/A   ; None         ; 1.883 ns   ; rst  ; posY[7]~reg0 ; clk      ;
; N/A   ; None         ; 1.882 ns   ; rst  ; posY[1]~reg0 ; clk      ;
; N/A   ; None         ; 1.882 ns   ; rst  ; posY[2]~reg0 ; clk      ;
; N/A   ; None         ; 1.861 ns   ; rst  ; posY[3]~reg0 ; clk      ;
; N/A   ; None         ; 0.501 ns   ; rst  ; vrgboff      ; clk      ;
+-------+--------------+------------+------+--------------+----------+


+-------------------------------------------------------------------------+
; tco                                                                     ;
+-------+--------------+------------+--------------+---------+------------+
; Slack ; Required tco ; Actual tco ; From         ; To      ; From Clock ;
+-------+--------------+------------+--------------+---------+------------+
; N/A   ; None         ; 14.230 ns  ; posY[0]~reg0 ; posY[0] ; clk        ;
; N/A   ; None         ; 14.082 ns  ; vsync~reg0   ; vsync   ; clk        ;
; N/A   ; None         ; 13.957 ns  ; posY[8]~reg0 ; posY[8] ; clk        ;
; N/A   ; None         ; 13.728 ns  ; posY[7]~reg0 ; posY[7] ; clk        ;
; N/A   ; None         ; 13.626 ns  ; posY[5]~reg0 ; posY[5] ; clk        ;
; N/A   ; None         ; 13.598 ns  ; vrgboff      ; rgboff  ; clk        ;
; N/A   ; None         ; 13.407 ns  ; posY[2]~reg0 ; posY[2] ; clk        ;
; N/A   ; None         ; 12.478 ns  ; posY[4]~reg0 ; posY[4] ; clk        ;
; N/A   ; None         ; 12.414 ns  ; posY[6]~reg0 ; posY[6] ; clk        ;
; N/A   ; None         ; 12.217 ns  ; posY[3]~reg0 ; posY[3] ; clk        ;
; N/A   ; None         ; 12.193 ns  ; posY[1]~reg0 ; posY[1] ; clk        ;
; N/A   ; None         ; 11.442 ns  ; cnt[1]       ; posX[9] ; clk        ;
; N/A   ; None         ; 11.366 ns  ; cnt[2]       ; posX[9] ; clk        ;
; N/A   ; None         ; 11.263 ns  ; cnt[0]       ; posX[9] ; clk        ;
; N/A   ; None         ; 11.251 ns  ; cnt[1]       ; posX[7] ; clk        ;
; N/A   ; None         ; 11.175 ns  ; cnt[2]       ; posX[7] ; clk        ;
; N/A   ; None         ; 11.150 ns  ; cnt[4]       ; posX[9] ; clk        ;
; N/A   ; None         ; 11.095 ns  ; cnt[1]       ; posX[6] ; clk        ;
; N/A   ; None         ; 11.072 ns  ; cnt[3]       ; posX[9] ; clk        ;
; N/A   ; None         ; 11.072 ns  ; cnt[0]       ; posX[7] ; clk        ;
; N/A   ; None         ; 11.024 ns  ; cnt[9]       ; posX[9] ; clk        ;
; N/A   ; None         ; 11.019 ns  ; cnt[2]       ; posX[6] ; clk        ;
; N/A   ; None         ; 10.959 ns  ; cnt[4]       ; posX[7] ; clk        ;
; N/A   ; None         ; 10.916 ns  ; cnt[0]       ; posX[6] ; clk        ;
; N/A   ; None         ; 10.883 ns  ; cnt[8]       ; posX[9] ; clk        ;
; N/A   ; None         ; 10.881 ns  ; cnt[3]       ; posX[7] ; clk        ;
; N/A   ; None         ; 10.803 ns  ; cnt[4]       ; posX[6] ; clk        ;
; N/A   ; None         ; 10.763 ns  ; cnt[5]       ; posX[9] ; clk        ;
; N/A   ; None         ; 10.725 ns  ; cnt[3]       ; posX[6] ; clk        ;
; N/A   ; None         ; 10.647 ns  ; cnt[7]       ; posX[9] ; clk        ;
; N/A   ; None         ; 10.639 ns  ; cnt[6]       ; posX[9] ; clk        ;
; N/A   ; None         ; 10.572 ns  ; cnt[5]       ; posX[7] ; clk        ;
; N/A   ; None         ; 10.499 ns  ; cnt[1]       ; posX[5] ; clk        ;
; N/A   ; None         ; 10.456 ns  ; cnt[7]       ; posX[7] ; clk        ;
; N/A   ; None         ; 10.448 ns  ; cnt[6]       ; posX[7] ; clk        ;
; N/A   ; None         ; 10.423 ns  ; cnt[2]       ; posX[5] ; clk        ;
; N/A   ; None         ; 10.416 ns  ; cnt[5]       ; posX[6] ; clk        ;
; N/A   ; None         ; 10.394 ns  ; cnt[1]       ; posX[2] ; clk        ;
; N/A   ; None         ; 10.380 ns  ; cnt[1]       ; posX[3] ; clk        ;
; N/A   ; None         ; 10.339 ns  ; cnt[8]       ; posX[7] ; clk        ;
; N/A   ; None         ; 10.320 ns  ; cnt[0]       ; posX[5] ; clk        ;
; N/A   ; None         ; 10.318 ns  ; cnt[2]       ; posX[2] ; clk        ;
; N/A   ; None         ; 10.304 ns  ; cnt[2]       ; posX[3] ; clk        ;
; N/A   ; None         ; 10.292 ns  ; cnt[6]       ; posX[6] ; clk        ;
; N/A   ; None         ; 10.276 ns  ; cnt[1]       ; posX[8] ; clk        ;
; N/A   ; None         ; 10.215 ns  ; cnt[0]       ; posX[2] ; clk        ;
; N/A   ; None         ; 10.207 ns  ; cnt[4]       ; posX[5] ; clk        ;
; N/A   ; None         ; 10.201 ns  ; cnt[0]       ; posX[3] ; clk        ;
; N/A   ; None         ; 10.200 ns  ; cnt[2]       ; posX[8] ; clk        ;
; N/A   ; None         ; 10.129 ns  ; cnt[3]       ; posX[5] ; clk        ;
; N/A   ; None         ; 10.097 ns  ; cnt[0]       ; posX[8] ; clk        ;
; N/A   ; None         ; 10.010 ns  ; cnt[3]       ; posX[3] ; clk        ;
; N/A   ; None         ; 9.984 ns   ; cnt[4]       ; posX[8] ; clk        ;
; N/A   ; None         ; 9.947 ns   ; cnt[7]       ; posX[6] ; clk        ;
; N/A   ; None         ; 9.939 ns   ; cnt[1]       ; posX[1] ; clk        ;
; N/A   ; None         ; 9.906 ns   ; cnt[3]       ; posX[8] ; clk        ;
; N/A   ; None         ; 9.820 ns   ; cnt[5]       ; posX[5] ; clk        ;
; N/A   ; None         ; 9.760 ns   ; cnt[0]       ; posX[1] ; clk        ;
; N/A   ; None         ; 9.735 ns   ; cnt[4]       ; posX[3] ; clk        ;
; N/A   ; None         ; 9.717 ns   ; cnt[8]       ; posX[8] ; clk        ;
; N/A   ; None         ; 9.670 ns   ; cnt[10]      ; posX[9] ; clk        ;
; N/A   ; None         ; 9.662 ns   ; cnt[3]       ; posX[2] ; clk        ;
; N/A   ; None         ; 9.597 ns   ; cnt[5]       ; posX[8] ; clk        ;
; N/A   ; None         ; 9.511 ns   ; cnt[2]       ; posX[1] ; clk        ;
; N/A   ; None         ; 9.505 ns   ; cnt[9]       ; posX[8] ; clk        ;
; N/A   ; None         ; 9.481 ns   ; cnt[7]       ; posX[8] ; clk        ;
; N/A   ; None         ; 9.473 ns   ; cnt[6]       ; posX[8] ; clk        ;
; N/A   ; None         ; 9.413 ns   ; cnt[1]       ; posX[4] ; clk        ;
; N/A   ; None         ; 9.344 ns   ; cnt[6]       ; posX[5] ; clk        ;
; N/A   ; None         ; 9.337 ns   ; cnt[2]       ; posX[4] ; clk        ;
; N/A   ; None         ; 9.234 ns   ; cnt[0]       ; posX[4] ; clk        ;
; N/A   ; None         ; 9.121 ns   ; cnt[4]       ; posX[4] ; clk        ;
; N/A   ; None         ; 9.116 ns   ; cnt[0]       ; posX[0] ; clk        ;
; N/A   ; None         ; 9.043 ns   ; cnt[3]       ; posX[4] ; clk        ;
; N/A   ; None         ; 8.943 ns   ; cnt[1]       ; posX[0] ; clk        ;
; N/A   ; None         ; 8.434 ns   ; hsync~reg0   ; hsync   ; clk        ;
; N/A   ; None         ; 8.382 ns   ; cnt[5]       ; posX[4] ; clk        ;
; N/A   ; None         ; 7.776 ns   ; hrgboff      ; rgboff  ; clk        ;
+-------+--------------+------------+--------------+---------+------------+


+--------------------------------------------------------------------------+
; th                                                                       ;
+---------------+-------------+-----------+------+--------------+----------+
; Minimum Slack ; Required th ; Actual th ; From ; To           ; To Clock ;
+---------------+-------------+-----------+------+--------------+----------+
; N/A           ; None        ; -0.036 ns ; rst  ; posY[0]~reg0 ; clk      ;
; N/A           ; None        ; -0.253 ns ; rst  ; vrgboff      ; clk      ;
; N/A           ; None        ; -1.613 ns ; rst  ; posY[3]~reg0 ; clk      ;
; N/A           ; None        ; -1.634 ns ; rst  ; posY[1]~reg0 ; clk      ;
; N/A           ; None        ; -1.634 ns ; rst  ; posY[2]~reg0 ; clk      ;
; N/A           ; None        ; -1.635 ns ; rst  ; posY[7]~reg0 ; clk      ;
; N/A           ; None        ; -1.636 ns ; rst  ; posY[8]~reg0 ; clk      ;
; N/A           ; None        ; -1.638 ns ; rst  ; posY[6]~reg0 ; clk      ;
; N/A           ; None        ; -1.639 ns ; rst  ; posY[4]~reg0 ; clk      ;
; N/A           ; None        ; -1.640 ns ; rst  ; posY[5]~reg0 ; clk      ;
; N/A           ; None        ; -1.660 ns ; rst  ; vsync~reg0   ; clk      ;
; N/A           ; None        ; -4.440 ns ; rst  ; hsync~reg0   ; clk      ;
; N/A           ; None        ; -4.817 ns ; rst  ; hrgboff      ; clk      ;
; N/A           ; None        ; -4.852 ns ; rst  ; state.00     ; clk      ;
; N/A           ; None        ; -5.347 ns ; rst  ; cnt[0]       ; clk      ;
; N/A           ; None        ; -5.509 ns ; rst  ; cnt[3]       ; clk      ;
; N/A           ; None        ; -5.549 ns ; rst  ; state.01     ; clk      ;
; N/A           ; None        ; -5.549 ns ; rst  ; state.10     ; clk      ;
; N/A           ; None        ; -5.552 ns ; rst  ; state.11     ; clk      ;
; N/A           ; None        ; -5.767 ns ; rst  ; cnt[1]       ; clk      ;
; N/A           ; None        ; -5.768 ns ; rst  ; cnt[8]       ; clk      ;
; N/A           ; None        ; -5.768 ns ; rst  ; cnt[9]       ; clk      ;
; N/A           ; None        ; -5.770 ns ; rst  ; cnt[4]       ; clk      ;
; N/A           ; None        ; -5.771 ns ; rst  ; cnt[2]       ; clk      ;
; N/A           ; None        ; -5.895 ns ; rst  ; cnt[6]       ; clk      ;
; N/A           ; None        ; -5.901 ns ; rst  ; cnt[5]       ; clk      ;
; N/A           ; None        ; -5.902 ns ; rst  ; cnt[10]      ; clk      ;
; N/A           ; None        ; -5.902 ns ; rst  ; cnt[7]       ; clk      ;
+---------------+-------------+-----------+------+--------------+----------+


+--------------------------+
; Timing Analyzer Messages ;
+--------------------------+
Info: *******************************************************************
Info: Running Quartus II Classic Timing Analyzer
    Info: Version 9.0 Build 132 02/25/2009 SJ Web Edition
    Info: Processing started: Sat Mar 01 19:00:13 2014
Info: Command: quartus_tan --read_settings_files=off --write_settings_files=off hvsyncgenerator -c hvsyncgenerator --timing_analysis_only
Warning: Found pins functioning as undefined clocks and/or memory enables
    Info: Assuming node "clk" is an undefined clock
Warning: Found 1 node(s) in clock paths which may be acting as ripple and/or gated clocks -- node(s) analyzed as buffer(s) resulting in clock skew
    Info: Detected ripple clock "hsync~reg0" as buffer
Info: Clock "clk" has Internal fmax of 183.59 MHz between source register "posY[1]~reg0" and destination register "vstate.01" (period= 5.447 ns)
    Info: + Longest register to register delay is 5.202 ns
        Info: 1: + IC(0.000 ns) + CELL(0.000 ns) = 0.000 ns; Loc. = LCFF_X36_Y22_N11; Fanout = 6; REG Node = 'posY[1]~reg0'
        Info: 2: + IC(0.606 ns) + CELL(0.450 ns) = 1.056 ns; Loc. = LCCOMB_X35_Y22_N26; Fanout = 3; COMB Node = 'Equal6~1'
        Info: 3: + IC(0.855 ns) + CELL(0.483 ns) = 2.394 ns; Loc. = LCCOMB_X34_Y20_N28; Fanout = 4; COMB Node = 'Selector28~2'
        Info: 4: + IC(0.874 ns) + CELL(0.177 ns) = 3.445 ns; Loc. = LCCOMB_X35_Y22_N30; Fanout = 2; COMB Node = 'Selector28~5'
        Info: 5: + IC(0.872 ns) + CELL(0.322 ns) = 4.639 ns; Loc. = LCCOMB_X36_Y21_N22; Fanout = 1; COMB Node = 'Selector29~0'
        Info: 6: + IC(0.289 ns) + CELL(0.178 ns) = 5.106 ns; Loc. = LCCOMB_X36_Y21_N18; Fanout = 1; COMB Node = 'Selector29~1'
        Info: 7: + IC(0.000 ns) + CELL(0.096 ns) = 5.202 ns; Loc. = LCFF_X36_Y21_N19; Fanout = 4; REG Node = 'vstate.01'
        Info: Total cell delay = 1.706 ns ( 32.80 % )
        Info: Total interconnect delay = 3.496 ns ( 67.20 % )
    Info: - Smallest clock skew is -0.006 ns
        Info: + Shortest clock path from clock "clk" to destination register is 7.423 ns
            Info: 1: + IC(0.000 ns) + CELL(1.026 ns) = 1.026 ns; Loc. = PIN_M1; Fanout = 2; CLK Node = 'clk'
            Info: 2: + IC(2.065 ns) + CELL(0.879 ns) = 3.970 ns; Loc. = LCFF_X34_Y20_N27; Fanout = 3; REG Node = 'hsync~reg0'
            Info: 3: + IC(1.861 ns) + CELL(0.000 ns) = 5.831 ns; Loc. = CLKCTRL_G4; Fanout = 15; COMB Node = 'hsync~reg0clkctrl'
            Info: 4: + IC(0.990 ns) + CELL(0.602 ns) = 7.423 ns; Loc. = LCFF_X36_Y21_N19; Fanout = 4; REG Node = 'vstate.01'
            Info: Total cell delay = 2.507 ns ( 33.77 % )
            Info: Total interconnect delay = 4.916 ns ( 66.23 % )
        Info: - Longest clock path from clock "clk" to source register is 7.429 ns
            Info: 1: + IC(0.000 ns) + CELL(1.026 ns) = 1.026 ns; Loc. = PIN_M1; Fanout = 2; CLK Node = 'clk'
            Info: 2: + IC(2.065 ns) + CELL(0.879 ns) = 3.970 ns; Loc. = LCFF_X34_Y20_N27; Fanout = 3; REG Node = 'hsync~reg0'
            Info: 3: + IC(1.861 ns) + CELL(0.000 ns) = 5.831 ns; Loc. = CLKCTRL_G4; Fanout = 15; COMB Node = 'hsync~reg0clkctrl'
            Info: 4: + IC(0.996 ns) + CELL(0.602 ns) = 7.429 ns; Loc. = LCFF_X36_Y22_N11; Fanout = 6; REG Node = 'posY[1]~reg0'
            Info: Total cell delay = 2.507 ns ( 33.75 % )
            Info: Total interconnect delay = 4.922 ns ( 66.25 % )
    Info: + Micro clock to output delay of source is 0.277 ns
    Info: + Micro setup delay of destination is -0.038 ns
Info: tsu for register "cnt[10]" (data pin = "rst", clock pin = "clk") is 6.150 ns
    Info: + Longest pin to register delay is 9.035 ns
        Info: 1: + IC(0.000 ns) + CELL(0.864 ns) = 0.864 ns; Loc. = PIN_H3; Fanout = 9; PIN Node = 'rst'
        Info: 2: + IC(6.145 ns) + CELL(0.545 ns) = 7.554 ns; Loc. = LCCOMB_X33_Y19_N26; Fanout = 2; COMB Node = 'Selector12~0'
        Info: 3: + IC(0.302 ns) + CELL(0.178 ns) = 8.034 ns; Loc. = LCCOMB_X33_Y19_N12; Fanout = 10; COMB Node = 'cnt[10]~66'
        Info: 4: + IC(0.360 ns) + CELL(0.545 ns) = 8.939 ns; Loc. = LCCOMB_X33_Y19_N18; Fanout = 1; COMB Node = 'Selector2~0'
        Info: 5: + IC(0.000 ns) + CELL(0.096 ns) = 9.035 ns; Loc. = LCFF_X33_Y19_N19; Fanout = 4; REG Node = 'cnt[10]'
        Info: Total cell delay = 2.228 ns ( 24.66 % )
        Info: Total interconnect delay = 6.807 ns ( 75.34 % )
    Info: + Micro setup delay of destination is -0.038 ns
    Info: - Shortest clock path from clock "clk" to destination register is 2.847 ns
        Info: 1: + IC(0.000 ns) + CELL(1.026 ns) = 1.026 ns; Loc. = PIN_M1; Fanout = 2; CLK Node = 'clk'
        Info: 2: + IC(0.238 ns) + CELL(0.000 ns) = 1.264 ns; Loc. = CLKCTRL_G3; Fanout = 16; COMB Node = 'clk~clkctrl'
        Info: 3: + IC(0.981 ns) + CELL(0.602 ns) = 2.847 ns; Loc. = LCFF_X33_Y19_N19; Fanout = 4; REG Node = 'cnt[10]'
        Info: Total cell delay = 1.628 ns ( 57.18 % )
        Info: Total interconnect delay = 1.219 ns ( 42.82 % )
Info: tco from clock "clk" to destination pin "posY[0]" through register "posY[0]~reg0" is 14.230 ns
    Info: + Longest clock path from clock "clk" to source register is 7.429 ns
        Info: 1: + IC(0.000 ns) + CELL(1.026 ns) = 1.026 ns; Loc. = PIN_M1; Fanout = 2; CLK Node = 'clk'
        Info: 2: + IC(2.065 ns) + CELL(0.879 ns) = 3.970 ns; Loc. = LCFF_X34_Y20_N27; Fanout = 3; REG Node = 'hsync~reg0'
        Info: 3: + IC(1.861 ns) + CELL(0.000 ns) = 5.831 ns; Loc. = CLKCTRL_G4; Fanout = 15; COMB Node = 'hsync~reg0clkctrl'
        Info: 4: + IC(0.996 ns) + CELL(0.602 ns) = 7.429 ns; Loc. = LCFF_X36_Y22_N25; Fanout = 8; REG Node = 'posY[0]~reg0'
        Info: Total cell delay = 2.507 ns ( 33.75 % )
        Info: Total interconnect delay = 4.922 ns ( 66.25 % )
    Info: + Micro clock to output delay of source is 0.277 ns
    Info: + Longest register to pin delay is 6.524 ns
        Info: 1: + IC(0.000 ns) + CELL(0.000 ns) = 0.000 ns; Loc. = LCFF_X36_Y22_N25; Fanout = 8; REG Node = 'posY[0]~reg0'
        Info: 2: + IC(3.664 ns) + CELL(2.860 ns) = 6.524 ns; Loc. = PIN_E1; Fanout = 0; PIN Node = 'posY[0]'
        Info: Total cell delay = 2.860 ns ( 43.84 % )
        Info: Total interconnect delay = 3.664 ns ( 56.16 % )
Info: th for register "posY[0]~reg0" (data pin = "rst", clock pin = "clk") is -0.036 ns
    Info: + Longest clock path from clock "clk" to destination register is 7.429 ns
        Info: 1: + IC(0.000 ns) + CELL(1.026 ns) = 1.026 ns; Loc. = PIN_M1; Fanout = 2; CLK Node = 'clk'
        Info: 2: + IC(2.065 ns) + CELL(0.879 ns) = 3.970 ns; Loc. = LCFF_X34_Y20_N27; Fanout = 3; REG Node = 'hsync~reg0'
        Info: 3: + IC(1.861 ns) + CELL(0.000 ns) = 5.831 ns; Loc. = CLKCTRL_G4; Fanout = 15; COMB Node = 'hsync~reg0clkctrl'
        Info: 4: + IC(0.996 ns) + CELL(0.602 ns) = 7.429 ns; Loc. = LCFF_X36_Y22_N25; Fanout = 8; REG Node = 'posY[0]~reg0'
        Info: Total cell delay = 2.507 ns ( 33.75 % )
        Info: Total interconnect delay = 4.922 ns ( 66.25 % )
    Info: + Micro hold delay of destination is 0.286 ns
    Info: - Shortest pin to register delay is 7.751 ns
        Info: 1: + IC(0.000 ns) + CELL(0.864 ns) = 0.864 ns; Loc. = PIN_H3; Fanout = 9; PIN Node = 'rst'
        Info: 2: + IC(6.246 ns) + CELL(0.545 ns) = 7.655 ns; Loc. = LCCOMB_X36_Y22_N24; Fanout = 1; COMB Node = 'Selector27~0'
        Info: 3: + IC(0.000 ns) + CELL(0.096 ns) = 7.751 ns; Loc. = LCFF_X36_Y22_N25; Fanout = 8; REG Node = 'posY[0]~reg0'
        Info: Total cell delay = 1.505 ns ( 19.42 % )
        Info: Total interconnect delay = 6.246 ns ( 80.58 % )
Info: Quartus II Classic Timing Analyzer was successful. 0 errors, 2 warnings
    Info: Peak virtual memory: 172 megabytes
    Info: Processing ended: Sat Mar 01 19:00:13 2014
    Info: Elapsed time: 00:00:00
    Info: Total CPU time (on all processors): 00:00:00


